<?xml version="1.0" encoding="UTF-8"?>
<testsuite xmlns:xsi="http://www.w3.org/2001/XMLSchema-instance" xsi:noNamespaceSchemaLocation="https://maven.apache.org/surefire/maven-surefire-plugin/xsd/surefire-test-report.xsd" name="US1011 Web tablosundaki istenen sutunu yazdirma" time="3.544" tests="1" errors="0" skipped="0" failures="0">
  <properties>
[...]
</properties>
  <testcase name="TC16 kullanici sutun basligi ile liste alabilmeli" classname="US1011 Web tablosundaki istenen sutunu yazdirma" time="3.544"/>
</testsuite>